<?xml version="1.0" encoding="UTF-8"?>
<!-- Generated by org.testng.reporters.JUnitReportReporter -->
<testsuite hostname="DESKTOP-D4ING0F" failures="0" tests="1" name="com.Test.Test11" time="4.526" errors="0" timestamp="2022-11-03T14:18:47 IST" skipped="0">
  <testcase classname="com.Test.Test11" name="m2" time="4.526"/>
  <system-out/>
</testsuite> <!-- com.Test.Test11 -->
